Mobile/android/pubkeyGenerator/build/intermediates/manifest_merge_blame_file/debug/manifest-merger-blame-debug-report.txt
1<?xml version="1.0" encoding="utf-8"?>
2<manifest xmlns:android="http://schemas.android.com/apk/res/android"
3    package="com.iiordanov.pubkeygenerator"
4    android:versionCode="1"
5    android:versionName="1.0" >
6
7    <uses-sdk
8        android:minSdkVersion="8"
8-->src\main\AndroidManifest.xml
9        android:targetSdkVersion="31" />
9-->src\main\AndroidManifest.xml
10
11    <application>
11-->src\main\AndroidManifest.xml:6:5-13:19
12        <activity
12-->src\main\AndroidManifest.xml:7:9-12:20
13            android:name="com.iiordanov.pubkeygenerator.GeneratePubkeyActivity"
13-->src\main\AndroidManifest.xml:8:13-51
14            android:label="@string/title_activity_pubkey_generator"
14-->src\main\AndroidManifest.xml:11:13-68
15            android:screenOrientation="landscape"
15-->src\main\AndroidManifest.xml:9:13-50
16            android:windowSoftInputMode="stateHidden|adjustResize" >
16-->src\main\AndroidManifest.xml:10:13-67
17        </activity>
18    </application>
19
20</manifest>